<?xml version="1.0" encoding="UTF-8"?>
<testng-results skipped="0" failed="0" total="1" passed="1">
  <reporter-output>
  </reporter-output>
  <suite name="Default suite" duration-ms="21670" started-at="2015-06-26T00:02:37Z" finished-at="2015-06-26T00:02:58Z">
    <groups>
    </groups>
    <test name="Default test" duration-ms="21670" started-at="2015-06-26T00:02:37Z" finished-at="2015-06-26T00:02:58Z">
      <class name="au.com.vclass.automationtests.CombineTest">
        <test-method status="PASS" signature="beforeTest()[pri:0, instance:au.com.vclass.automationtests.CombineTest@2133c8f8]" name="beforeTest" is-config="true" duration-ms="75" started-at="2015-06-26T10:02:37Z" finished-at="2015-06-26T10:02:37Z">
          <reporter-output>
          </reporter-output>
        </test-method> <!-- beforeTest -->
        <test-method status="PASS" signature="beforeMethod()[pri:0, instance:au.com.vclass.automationtests.CombineTest@2133c8f8]" name="beforeMethod" is-config="true" duration-ms="12797" started-at="2015-06-26T10:02:37Z" finished-at="2015-06-26T10:02:49Z">
          <reporter-output>
          </reporter-output>
        </test-method> <!-- beforeMethod -->
        <test-method status="PASS" signature="testPenThickness1()[pri:0, instance:au.com.vclass.automationtests.CombineTest@2133c8f8]" name="testPenThickness1" duration-ms="6192" started-at="2015-06-26T10:02:49Z" finished-at="2015-06-26T10:02:56Z">
          <reporter-output>
          </reporter-output>
        </test-method> <!-- testPenThickness1 -->
        <test-method status="PASS" signature="afterMethod()[pri:0, instance:au.com.vclass.automationtests.CombineTest@2133c8f8]" name="afterMethod" is-config="true" duration-ms="2587" started-at="2015-06-26T10:02:56Z" finished-at="2015-06-26T10:02:58Z">
          <reporter-output>
          </reporter-output>
        </test-method> <!-- afterMethod -->
        <test-method status="PASS" signature="afterTest()[pri:0, instance:au.com.vclass.automationtests.CombineTest@2133c8f8]" name="afterTest" is-config="true" duration-ms="0" started-at="2015-06-26T10:02:58Z" finished-at="2015-06-26T10:02:58Z">
          <reporter-output>
          </reporter-output>
        </test-method> <!-- afterTest -->
      </class> <!-- au.com.vclass.automationtests.CombineTest -->
    </test> <!-- Default test -->
  </suite> <!-- Default suite -->
</testng-results>
